2021-05-22T11:42:26+00:00 INFO Generating payment form for order 212. Notify URL: http://localhost/wordpress/Emall/wc-api/WC_Gateway_Paypal/
2021-05-22T11:42:26+00:00 INFO PayPal Request Args for order 212: Array
(
    [cmd] => _cart
    [business] => karimtaha111@yahoo.com
    [no_note] => 1
    [currency_code] => USD
    [charset] => utf-8
    [rm] => 1
    [upload] => 1
    [return] => http://localhost/wordpress/Emall/checkout/order-received/212/?key=wc_order_UbzIfamA9KbsG&utm_nooverride=1
    [cancel_return] => http://localhost/wordpress/Emall/cart/?cancel_order=true&order=wc_order_UbzIfamA9KbsG&order_id=212&redirect&_wpnonce=89188bf7bb
    [image_url] => 
    [paymentaction] => authorization
    [invoice] => WC-212
    [custom] => {"order_id":212,"order_key":"wc_order_UbzIfamA9KbsG"}
    [notify_url] => http://localhost/wordpress/Emall/wc-api/WC_Gateway_Paypal/
    [first_name] => ***
    [last_name] => ***
    [address1] => ***
    [address2] => ***
    [city] => ***
    [state] => ***
    [zip] => ***
    [country] => ***
    [email] => ***@***
    [night_phone_a] => ***
    [night_phone_b] => ***
    [no_shipping] => 1
    [tax_cart] => 7.00
    [item_name_1] => Rich Dad Poor Dad pdf
    [quantity_1] => 1
    [amount_1] => 50
    [item_number_1] => Book0001
    [bn] => WooThemes_Cart
)

